*** Starting uWSGI 2.0.18 (64bit) on [Wed Sep 11 00:24:24 2019] ***
compiled with version: 4.2.1 Compatible Apple LLVM 10.0.1 (clang-1001.0.46.4) on 09 September 2019 10:39:40
os: Darwin-18.0.0 Darwin Kernel Version 18.0.0: Wed Aug 22 20:13:40 PDT 2018; root:xnu-4903.201.2~1/RELEASE_X86_64
nodename: MacBook-Pro.lan
machine: x86_64
clock source: unix
detected number of CPU cores: 8
current working directory: /Users/jason/env/Djgo/Djgo7/AXF
writing pidfile to uwsgi.pid
detected binary path: /Users/jason/.virtualenvs/Djgo/bin/uwsgi
!!! no internal routing support, rebuild with pcre support !!!
chdir() to /Users/jason/env/Djgo/Djgo7/AXF
your processes number limit is 709
your memory page size is 4096 bytes
detected max file descriptor number: 10240
lock engine: OSX spinlocks
thunder lock: disabled (you can enable it with --thunder-lock)
uwsgi socket 0 bound to TCP address 127.0.0.1:5000 fd 3
Python version: 3.7.4 (default, Jul  9 2019, 18:13:23)  [Clang 10.0.1 (clang-1001.0.46.4)]
Python main interpreter initialized at 0x7fc822901bc0
python threads support enabled
your server socket listen backlog is limited to 100 connections
your mercy for graceful operations on workers is 60 seconds
mapped 1749580 bytes (1708 KB) for 16 cores
*** Operational MODE: preforking+threaded ***
WSGI app 0 (mountpoint='') ready in 1 seconds on interpreter 0x7fc822901bc0 pid: 1663 (default app)
*** uWSGI is running in multiple interpreter mode ***
spawned uWSGI master process (pid: 1663)
spawned uWSGI worker 1 (pid: 1691, cores: 4)
spawned uWSGI worker 2 (pid: 1692, cores: 4)
spawned uWSGI worker 3 (pid: 1693, cores: 4)
spawned uWSGI worker 4 (pid: 1694, cores: 4)
[pid: 1691|app: 0|req: 1/1] 127.0.0.1 () {52 vars in 1063 bytes} [Wed Sep 11 00:24:32 2019] GET /axf/home/ => generated 23753 bytes in 384 msecs (HTTP/1.1 200) 3 headers in 111 bytes (1 switches on core 0)
[pid: 1693|app: 0|req: 1/2] 127.0.0.1 () {50 vars in 976 bytes} [Wed Sep 11 00:24:33 2019] GET /favicon.ico => generated 77 bytes in 346 msecs (HTTP/1.1 404) 3 headers in 100 bytes (1 switches on core 0)
[pid: 1693|app: 0|req: 2/3] 127.0.0.1 () {52 vars in 1063 bytes} [Wed Sep 11 00:24:44 2019] GET /axf/home/ => generated 23753 bytes in 57 msecs (HTTP/1.1 200) 3 headers in 111 bytes (1 switches on core 2)
[pid: 1694|app: 0|req: 1/4] 127.0.0.1 () {54 vars in 1116 bytes} [Wed Sep 11 00:24:45 2019] GET /axf/market/ => generated 0 bytes in 349 msecs (HTTP/1.1 302) 4 headers in 155 bytes (1 switches on core 0)
[pid: 1693|app: 0|req: 3/5] 127.0.0.1 () {54 vars in 1158 bytes} [Wed Sep 11 00:24:45 2019] GET /axf/marketwithparams/104749/0/0/ => generated 9526 bytes in 27 msecs (HTTP/1.1 200) 3 headers in 110 bytes (2 switches on core 3)
...brutally killing workers...
worker 4 buried after 1 seconds
worker 3 buried after 1 seconds
worker 2 buried after 1 seconds
worker 1 buried after 1 seconds
binary reloading uWSGI...
chdir() to /Users/jason/env/Djgo/Djgo7/AXF
closing all non-uwsgi socket fds > 2 (max_fd = 10240)...
found fd 3 mapped to socket 0 (127.0.0.1:5000)
running /Users/jason/.virtualenvs/Djgo/bin/uwsgi
[uWSGI] getting INI configuration from /Users/jason/env/Djgo/Djgo7/AXF/uwsgi.ini
*** Starting uWSGI 2.0.18 (64bit) on [Wed Sep 11 00:25:09 2019] ***
compiled with version: 4.2.1 Compatible Apple LLVM 10.0.1 (clang-1001.0.46.4) on 09 September 2019 10:39:40
os: Darwin-18.0.0 Darwin Kernel Version 18.0.0: Wed Aug 22 20:13:40 PDT 2018; root:xnu-4903.201.2~1/RELEASE_X86_64
nodename: MacBook-Pro.lan
machine: x86_64
clock source: unix
detected number of CPU cores: 8
current working directory: /Users/jason/env/Djgo/Djgo7/AXF
detected binary path: /Users/jason/.virtualenvs/Djgo/bin/uwsgi
!!! no internal routing support, rebuild with pcre support !!!
chdir() to /Users/jason/env/Djgo/Djgo7/AXF
your processes number limit is 709
your memory page size is 4096 bytes
detected max file descriptor number: 10240
lock engine: OSX spinlocks
thunder lock: disabled (you can enable it with --thunder-lock)
uwsgi socket 0 inherited INET address 127.0.0.1:5000 fd 3
Python version: 3.7.4 (default, Jul  9 2019, 18:13:23)  [Clang 10.0.1 (clang-1001.0.46.4)]
Python main interpreter initialized at 0x7fc7ecc0a110
python threads support enabled
your server socket listen backlog is limited to 100 connections
your mercy for graceful operations on workers is 60 seconds
mapped 1749580 bytes (1708 KB) for 16 cores
*** Operational MODE: preforking+threaded ***
WSGI app 0 (mountpoint='') ready in 0 seconds on interpreter 0x7fc7ecc0a110 pid: 1663 (default app)
*** uWSGI is running in multiple interpreter mode ***
gracefully (RE)spawned uWSGI master process (pid: 1663)
spawned uWSGI worker 1 (pid: 1788, cores: 4)
spawned uWSGI worker 2 (pid: 1789, cores: 4)
spawned uWSGI worker 3 (pid: 1790, cores: 4)
spawned uWSGI worker 4 (pid: 1791, cores: 4)
